<?xml version="1.0" encoding="UTF-8"?>
<!-- Generated by org.testng.reporters.JUnitReportReporter -->
<testsuite hostname="DESKTOP-FVL7V1F" failures="0" tests="1" name="OrangeHRM_TestCase.test5" time="4.411" errors="0" timestamp="2023-07-05T13:44:45 IST" skipped="0">
  <testcase classname="OrangeHRM_TestCase.test5" name="Test5" time="4.411"/>
</testsuite> <!-- OrangeHRM_TestCase.test5 -->
